Started GET "/mysearchindex" for ::1 at 2021-01-16 20:58:40 -0800
  
PG::ConnectionBad (could not connect to server: No such file or directory
	Is the server running locally and accepting
	connections on Unix domain socket "/tmp/.s.PGSQL.5432"?
):
  
pg (1.2.3) lib/pg.rb:58:in `initialize'
pg (1.2.3) lib/pg.rb:58:in `new'
pg (1.2.3) lib/pg.rb:58:in `connect'
activerecord (6.0.3.4) lib/active_record/connection_adapters/postgresql_adapter.rb:46:in `postgresql_connection'
activerecord (6.0.3.4) lib/active_record/connection_adapters/abstract/connection_pool.rb:887:in `new_connection'
activerecord (6.0.3.4) lib/active_record/connection_adapters/abstract/connection_pool.rb:931:in `checkout_new_connection'
activerecord (6.0.3.4) lib/active_record/connection_adapters/abstract/connection_pool.rb:910:in `try_to_checkout_new_connection'
activerecord (6.0.3.4) lib/active_record/connection_adapters/abstract/connection_pool.rb:871:in `acquire_connection'
activerecord (6.0.3.4) lib/active_record/connection_adapters/abstract/connection_pool.rb:593:in `checkout'
activerecord (6.0.3.4) lib/active_record/connection_adapters/abstract/connection_pool.rb:437:in `connection'
activerecord (6.0.3.4) lib/active_record/connection_adapters/abstract/connection_pool.rb:1119:in `retrieve_connection'
activerecord (6.0.3.4) lib/active_record/connection_handling.rb:221:in `retrieve_connection'
activerecord (6.0.3.4) lib/active_record/connection_handling.rb:189:in `connection'
activerecord (6.0.3.4) lib/active_record/migration.rb:562:in `call'
actionpack (6.0.3.4) lib/action_dispatch/middleware/callbacks.rb:27:in `block in call'
activesupport (6.0.3.4) lib/active_support/callbacks.rb:101:in `run_callbacks'
actionpack (6.0.3.4) lib/action_dispatch/middleware/callbacks.rb:26:in `call'
actionpack (6.0.3.4) lib/action_dispatch/middleware/executor.rb:14:in `call'
actionpack (6.0.3.4) lib/action_dispatch/middleware/actionable_exceptions.rb:18:in `call'
actionpack (6.0.3.4) lib/action_dispatch/middleware/debug_exceptions.rb:32:in `call'
web-console (4.0.4) lib/web_console/middleware.rb:132:in `call_app'
web-console (4.0.4) lib/web_console/middleware.rb:28:in `block in call'
web-console (4.0.4) lib/web_console/middleware.rb:17:in `catch'
web-console (4.0.4) lib/web_console/middleware.rb:17:in `call'
actionpack (6.0.3.4) lib/action_dispatch/middleware/show_exceptions.rb:33:in `call'
railties (6.0.3.4) lib/rails/rack/logger.rb:37:in `call_app'
railties (6.0.3.4) lib/rails/rack/logger.rb:26:in `block in call'
activesupport (6.0.3.4) lib/active_support/tagged_logging.rb:80:in `block in tagged'
activesupport (6.0.3.4) lib/active_support/tagged_logging.rb:28:in `tagged'
activesupport (6.0.3.4) lib/active_support/tagged_logging.rb:80:in `tagged'
railties (6.0.3.4) lib/rails/rack/logger.rb:26:in `call'
sprockets-rails (3.2.2) lib/sprockets/rails/quiet_assets.rb:13:in `call'
actionpack (6.0.3.4) lib/action_dispatch/middleware/remote_ip.rb:81:in `call'
actionpack (6.0.3.4) lib/action_dispatch/middleware/request_id.rb:27:in `call'
rack (2.2.3) lib/rack/method_override.rb:24:in `call'
rack (2.2.3) lib/rack/runtime.rb:22:in `call'
activesupport (6.0.3.4) lib/active_support/cache/strategy/local_cache_middleware.rb:29:in `call'
actionpack (6.0.3.4) lib/action_dispatch/middleware/executor.rb:14:in `call'
actionpack (6.0.3.4) lib/action_dispatch/middleware/static.rb:126:in `call'
rack (2.2.3) lib/rack/sendfile.rb:110:in `call'
actionpack (6.0.3.4) lib/action_dispatch/middleware/host_authorization.rb:82:in `call'
webpacker (4.3.0) lib/webpacker/dev_server_proxy.rb:23:in `perform_request'
rack-proxy (0.6.5) lib/rack/proxy.rb:57:in `call'
railties (6.0.3.4) lib/rails/engine.rb:527:in `call'
puma (4.3.6) lib/puma/configuration.rb:228:in `call'
puma (4.3.6) lib/puma/server.rb:713:in `handle_request'
puma (4.3.6) lib/puma/server.rb:472:in `process_client'
puma (4.3.6) lib/puma/server.rb:328:in `block in run'
puma (4.3.6) lib/puma/thread_pool.rb:134:in `block in spawn_thread'
Started GET "/" for ::1 at 2021-01-16 20:58:41 -0800
  
PG::ConnectionBad (could not connect to server: No such file or directory
	Is the server running locally and accepting
	connections on Unix domain socket "/tmp/.s.PGSQL.5432"?
):
  
pg (1.2.3) lib/pg.rb:58:in `initialize'
pg (1.2.3) lib/pg.rb:58:in `new'
pg (1.2.3) lib/pg.rb:58:in `connect'
activerecord (6.0.3.4) lib/active_record/connection_adapters/postgresql_adapter.rb:46:in `postgresql_connection'
activerecord (6.0.3.4) lib/active_record/connection_adapters/abstract/connection_pool.rb:887:in `new_connection'
activerecord (6.0.3.4) lib/active_record/connection_adapters/abstract/connection_pool.rb:931:in `checkout_new_connection'
activerecord (6.0.3.4) lib/active_record/connection_adapters/abstract/connection_pool.rb:910:in `try_to_checkout_new_connection'
activerecord (6.0.3.4) lib/active_record/connection_adapters/abstract/connection_pool.rb:871:in `acquire_connection'
activerecord (6.0.3.4) lib/active_record/connection_adapters/abstract/connection_pool.rb:593:in `checkout'
activerecord (6.0.3.4) lib/active_record/connection_adapters/abstract/connection_pool.rb:437:in `connection'
activerecord (6.0.3.4) lib/active_record/connection_adapters/abstract/connection_pool.rb:1119:in `retrieve_connection'
activerecord (6.0.3.4) lib/active_record/connection_handling.rb:221:in `retrieve_connection'
activerecord (6.0.3.4) lib/active_record/connection_handling.rb:189:in `connection'
activerecord (6.0.3.4) lib/active_record/migration.rb:562:in `call'
actionpack (6.0.3.4) lib/action_dispatch/middleware/callbacks.rb:27:in `block in call'
activesupport (6.0.3.4) lib/active_support/callbacks.rb:101:in `run_callbacks'
actionpack (6.0.3.4) lib/action_dispatch/middleware/callbacks.rb:26:in `call'
actionpack (6.0.3.4) lib/action_dispatch/middleware/executor.rb:14:in `call'
actionpack (6.0.3.4) lib/action_dispatch/middleware/actionable_exceptions.rb:18:in `call'
actionpack (6.0.3.4) lib/action_dispatch/middleware/debug_exceptions.rb:32:in `call'
web-console (4.0.4) lib/web_console/middleware.rb:132:in `call_app'
web-console (4.0.4) lib/web_console/middleware.rb:28:in `block in call'
web-console (4.0.4) lib/web_console/middleware.rb:17:in `catch'
web-console (4.0.4) lib/web_console/middleware.rb:17:in `call'
actionpack (6.0.3.4) lib/action_dispatch/middleware/show_exceptions.rb:33:in `call'
railties (6.0.3.4) lib/rails/rack/logger.rb:37:in `call_app'
railties (6.0.3.4) lib/rails/rack/logger.rb:26:in `block in call'
activesupport (6.0.3.4) lib/active_support/tagged_logging.rb:80:in `block in tagged'
activesupport (6.0.3.4) lib/active_support/tagged_logging.rb:28:in `tagged'
activesupport (6.0.3.4) lib/active_support/tagged_logging.rb:80:in `tagged'
railties (6.0.3.4) lib/rails/rack/logger.rb:26:in `call'
sprockets-rails (3.2.2) lib/sprockets/rails/quiet_assets.rb:13:in `call'
actionpack (6.0.3.4) lib/action_dispatch/middleware/remote_ip.rb:81:in `call'
actionpack (6.0.3.4) lib/action_dispatch/middleware/request_id.rb:27:in `call'
rack (2.2.3) lib/rack/method_override.rb:24:in `call'
rack (2.2.3) lib/rack/runtime.rb:22:in `call'
activesupport (6.0.3.4) lib/active_support/cache/strategy/local_cache_middleware.rb:29:in `call'
actionpack (6.0.3.4) lib/action_dispatch/middleware/executor.rb:14:in `call'
actionpack (6.0.3.4) lib/action_dispatch/middleware/static.rb:126:in `call'
rack (2.2.3) lib/rack/sendfile.rb:110:in `call'
actionpack (6.0.3.4) lib/action_dispatch/middleware/host_authorization.rb:82:in `call'
webpacker (4.3.0) lib/webpacker/dev_server_proxy.rb:23:in `perform_request'
rack-proxy (0.6.5) lib/rack/proxy.rb:57:in `call'
railties (6.0.3.4) lib/rails/engine.rb:527:in `call'
puma (4.3.6) lib/puma/configuration.rb:228:in `call'
puma (4.3.6) lib/puma/server.rb:713:in `handle_request'
puma (4.3.6) lib/puma/server.rb:472:in `process_client'
puma (4.3.6) lib/puma/server.rb:328:in `block in run'
puma (4.3.6) lib/puma/thread_pool.rb:134:in `block in spawn_thread'
Started GET "/" for ::1 at 2021-01-18 16:48:00 -0800
  
PG::ConnectionBad (could not connect to server: No such file or directory
	Is the server running locally and accepting
	connections on Unix domain socket "/tmp/.s.PGSQL.5432"?
):
  
pg (1.2.3) lib/pg.rb:58:in `initialize'
pg (1.2.3) lib/pg.rb:58:in `new'
pg (1.2.3) lib/pg.rb:58:in `connect'
activerecord (6.0.3.4) lib/active_record/connection_adapters/postgresql_adapter.rb:46:in `postgresql_connection'
activerecord (6.0.3.4) lib/active_record/connection_adapters/abstract/connection_pool.rb:887:in `new_connection'
activerecord (6.0.3.4) lib/active_record/connection_adapters/abstract/connection_pool.rb:931:in `checkout_new_connection'
activerecord (6.0.3.4) lib/active_record/connection_adapters/abstract/connection_pool.rb:910:in `try_to_checkout_new_connection'
activerecord (6.0.3.4) lib/active_record/connection_adapters/abstract/connection_pool.rb:871:in `acquire_connection'
activerecord (6.0.3.4) lib/active_record/connection_adapters/abstract/connection_pool.rb:593:in `checkout'
activerecord (6.0.3.4) lib/active_record/connection_adapters/abstract/connection_pool.rb:437:in `connection'
activerecord (6.0.3.4) lib/active_record/connection_adapters/abstract/connection_pool.rb:1119:in `retrieve_connection'
activerecord (6.0.3.4) lib/active_record/connection_handling.rb:221:in `retrieve_connection'
activerecord (6.0.3.4) lib/active_record/connection_handling.rb:189:in `connection'
activerecord (6.0.3.4) lib/active_record/migration.rb:562:in `call'
actionpack (6.0.3.4) lib/action_dispatch/middleware/callbacks.rb:27:in `block in call'
activesupport (6.0.3.4) lib/active_support/callbacks.rb:101:in `run_callbacks'
actionpack (6.0.3.4) lib/action_dispatch/middleware/callbacks.rb:26:in `call'
actionpack (6.0.3.4) lib/action_dispatch/middleware/executor.rb:14:in `call'
actionpack (6.0.3.4) lib/action_dispatch/middleware/actionable_exceptions.rb:18:in `call'
actionpack (6.0.3.4) lib/action_dispatch/middleware/debug_exceptions.rb:32:in `call'
web-console (4.0.4) lib/web_console/middleware.rb:132:in `call_app'
web-console (4.0.4) lib/web_console/middleware.rb:28:in `block in call'
web-console (4.0.4) lib/web_console/middleware.rb:17:in `catch'
web-console (4.0.4) lib/web_console/middleware.rb:17:in `call'
actionpack (6.0.3.4) lib/action_dispatch/middleware/show_exceptions.rb:33:in `call'
railties (6.0.3.4) lib/rails/rack/logger.rb:37:in `call_app'
railties (6.0.3.4) lib/rails/rack/logger.rb:26:in `block in call'
activesupport (6.0.3.4) lib/active_support/tagged_logging.rb:80:in `block in tagged'
activesupport (6.0.3.4) lib/active_support/tagged_logging.rb:28:in `tagged'
activesupport (6.0.3.4) lib/active_support/tagged_logging.rb:80:in `tagged'
railties (6.0.3.4) lib/rails/rack/logger.rb:26:in `call'
sprockets-rails (3.2.2) lib/sprockets/rails/quiet_assets.rb:13:in `call'
actionpack (6.0.3.4) lib/action_dispatch/middleware/remote_ip.rb:81:in `call'
actionpack (6.0.3.4) lib/action_dispatch/middleware/request_id.rb:27:in `call'
rack (2.2.3) lib/rack/method_override.rb:24:in `call'
rack (2.2.3) lib/rack/runtime.rb:22:in `call'
activesupport (6.0.3.4) lib/active_support/cache/strategy/local_cache_middleware.rb:29:in `call'
actionpack (6.0.3.4) lib/action_dispatch/middleware/executor.rb:14:in `call'
actionpack (6.0.3.4) lib/action_dispatch/middleware/static.rb:126:in `call'
rack (2.2.3) lib/rack/sendfile.rb:110:in `call'
actionpack (6.0.3.4) lib/action_dispatch/middleware/host_authorization.rb:82:in `call'
webpacker (4.3.0) lib/webpacker/dev_server_proxy.rb:23:in `perform_request'
rack-proxy (0.6.5) lib/rack/proxy.rb:57:in `call'
railties (6.0.3.4) lib/rails/engine.rb:527:in `call'
puma (4.3.6) lib/puma/configuration.rb:228:in `call'
puma (4.3.6) lib/puma/server.rb:713:in `handle_request'
puma (4.3.6) lib/puma/server.rb:472:in `process_client'
puma (4.3.6) lib/puma/server.rb:328:in `block in run'
puma (4.3.6) lib/puma/thread_pool.rb:134:in `block in spawn_thread'
  [1m[35m (1.0ms)[0m  [1m[34mSELECT pg_try_advisory_lock(6007862138457622905)[0m
  [1m[35m (32.4ms)[0m  [1m[34mSELECT "schema_migrations"."version" FROM "schema_migrations" ORDER BY "schema_migrations"."version" ASC[0m
  [1m[36mActiveRecord::InternalMetadata Load (3.1ms)[0m  [1m[34mSELECT "ar_internal_metadata".* FROM "ar_internal_metadata" WHERE "ar_internal_metadata"."key" = $1 LIMIT $2[0m  [["key", "environment"], ["LIMIT", 1]]
  [1m[35m (0.6ms)[0m  [1m[34mSELECT pg_advisory_unlock(6007862138457622905)[0m
  [1m[35m (1.0ms)[0m  [1m[34mSELECT "schema_migrations"."version" FROM "schema_migrations" ORDER BY "schema_migrations"."version" ASC[0m
  [1m[36mApartment Load (1.7ms)[0m  [1m[34mSELECT "apartments".* FROM "apartments" LIMIT $1[0m  [["LIMIT", 11]]
Started GET "/" for ::1 at 2021-01-18 16:56:57 -0800
  [1m[35m (0.9ms)[0m  [1m[34mSELECT "schema_migrations"."version" FROM "schema_migrations" ORDER BY "schema_migrations"."version" ASC[0m
Processing by HomeController#index as HTML
  Rendering home/index.html.erb within layouts/application
  Rendered home/index.html.erb within layouts/application (Duration: 3.9ms | Allocations: 524)
[Webpacker] Compiling...
[Webpacker] Compiled all packs in /Users/learnacademy/Desktop/LEARN_projects/apartment-app-brianthomashammond/public/packs
[Webpacker] Hash: f3f5a31d54862d3d97b5
Version: webpack 4.44.2
Time: 11368ms
Built at: 01/18/2021 4:57:14 PM
                                                                                         Asset      Size            Chunks                         Chunk Names
                                                        js/application-a0f19e0b4bcd2a1657c6.js  2.31 MiB       application  [emitted] [immutable]  application
                                                    js/application-a0f19e0b4bcd2a1657c6.js.map  2.27 MiB       application  [emitted] [dev]        application
                                                        js/hello_react-7a2d78919040a5da5501.js   1.1 MiB       hello_react  [emitted] [immutable]  hello_react
                                                    js/hello_react-7a2d78919040a5da5501.js.map  1.27 MiB       hello_react  [emitted] [dev]        hello_react
                                                   js/server_rendering-75f4d56cec8051b1f0a0.js  2.19 MiB  server_rendering  [emitted] [immutable]  server_rendering
                                               js/server_rendering-75f4d56cec8051b1f0a0.js.map  2.14 MiB  server_rendering  [emitted] [dev]        server_rendering
                                                                                 manifest.json  1.22 KiB                    [emitted]              
media/components/assets/grant-lemons-jTCLppdwSEc-unsplash-2cdc0853973d930451e6e8dc53ec0f44.jpg   1.4 MiB                    [emitted]              
Entrypoint application = js/application-a0f19e0b4bcd2a1657c6.js js/application-a0f19e0b4bcd2a1657c6.js.map
Entrypoint hello_react = js/hello_react-7a2d78919040a5da5501.js js/hello_react-7a2d78919040a5da5501.js.map
Entrypoint server_rendering = js/server_rendering-75f4d56cec8051b1f0a0.js js/server_rendering-75f4d56cec8051b1f0a0.js.map
[./app/javascript/channels sync recursive _channel\.js$] ./app/javascript/channels sync _channel\.js$ 160 bytes {application} [built]
[./app/javascript/channels/index.js] 211 bytes {application} [built]
[./app/javascript/components sync recursive ^\.\/.*$] ./app/javascript/components sync ^\.\/.*$ 791 bytes {application} {server_rendering} [built]
[./app/javascript/packs/application.js] 968 bytes {application} [built]
[./app/javascript/packs/hello_react.jsx] 1.1 KiB {hello_react} [built]
[./app/javascript/packs/server_rendering.js] 301 bytes {server_rendering} [built]
[./node_modules/webpack/buildin/amd-options.js] (webpack)/buildin/amd-options.js 80 bytes {application} {server_rendering} [built]
[./node_modules/webpack/buildin/global.js] (webpack)/buildin/global.js 905 bytes {application} {server_rendering} [built]
[./node_modules/webpack/buildin/module.js] (webpack)/buildin/module.js 552 bytes {application} [built]
    + 207 hidden modules

Completed 200 OK in 17010ms (Views: 17005.7ms | ActiveRecord: 0.0ms | Allocations: 88591)


Started GET "/apartments" for ::1 at 2021-01-18 16:57:15 -0800
Processing by ApartmentsController#index as */*
  [1m[36mApartment Load (17.1ms)[0m  [1m[34mSELECT "apartments".* FROM "apartments"[0m
  ↳ app/controllers/apartments_controller.rb:4:in `index'
Completed 200 OK in 75ms (Views: 45.6ms | ActiveRecord: 23.6ms | Allocations: 10919)


Started GET "/apartmentindex" for ::1 at 2021-01-18 16:58:02 -0800
Processing by HomeController#index as HTML
  Parameters: {"path"=>"apartmentindex"}
  Rendering home/index.html.erb within layouts/application
  Rendered home/index.html.erb within layouts/application (Duration: 0.6ms | Allocations: 275)
[Webpacker] Everything's up-to-date. Nothing to do
Completed 200 OK in 27ms (Views: 26.4ms | ActiveRecord: 0.0ms | Allocations: 7604)


Started GET "/apartments" for ::1 at 2021-01-18 16:58:02 -0800
Processing by ApartmentsController#index as */*
  [1m[36mApartment Load (0.4ms)[0m  [1m[34mSELECT "apartments".* FROM "apartments"[0m
  ↳ app/controllers/apartments_controller.rb:4:in `index'
Completed 200 OK in 4ms (Views: 3.1ms | ActiveRecord: 0.4ms | Allocations: 1805)


Started GET "/apartmentindex" for ::1 at 2021-01-18 16:58:32 -0800
Processing by HomeController#index as HTML
  Parameters: {"path"=>"apartmentindex"}
  Rendering home/index.html.erb within layouts/application
  Rendered home/index.html.erb within layouts/application (Duration: 0.9ms | Allocations: 268)
[Webpacker] Everything's up-to-date. Nothing to do
Completed 200 OK in 36ms (Views: 34.8ms | ActiveRecord: 0.0ms | Allocations: 7596)


Started GET "/apartments" for ::1 at 2021-01-18 16:58:32 -0800
Processing by ApartmentsController#index as */*
  [1m[36mApartment Load (0.5ms)[0m  [1m[34mSELECT "apartments".* FROM "apartments"[0m
  ↳ app/controllers/apartments_controller.rb:4:in `index'
Completed 200 OK in 6ms (Views: 3.9ms | ActiveRecord: 0.5ms | Allocations: 1814)


Started GET "/apartments" for ::1 at 2021-01-18 16:58:40 -0800
Processing by ApartmentsController#index as */*
  [1m[36mApartment Load (0.5ms)[0m  [1m[34mSELECT "apartments".* FROM "apartments"[0m
  ↳ app/controllers/apartments_controller.rb:4:in `index'
Completed 200 OK in 8ms (Views: 6.1ms | ActiveRecord: 0.5ms | Allocations: 1805)


Started GET "/apartments" for ::1 at 2021-01-18 16:58:44 -0800
Processing by ApartmentsController#index as */*
  [1m[36mApartment Load (0.4ms)[0m  [1m[34mSELECT "apartments".* FROM "apartments"[0m
  ↳ app/controllers/apartments_controller.rb:4:in `index'
Completed 200 OK in 10ms (Views: 8.0ms | ActiveRecord: 0.4ms | Allocations: 1821)


Started GET "/apartments" for ::1 at 2021-01-18 16:58:48 -0800
Processing by ApartmentsController#index as */*
  [1m[36mApartment Load (0.5ms)[0m  [1m[34mSELECT "apartments".* FROM "apartments"[0m
  ↳ app/controllers/apartments_controller.rb:4:in `index'
Completed 200 OK in 9ms (Views: 6.7ms | ActiveRecord: 0.5ms | Allocations: 1817)


Started GET "/users/sign_up" for ::1 at 2021-01-18 16:58:55 -0800
Processing by Devise::RegistrationsController#new as HTML
  Rendering devise/registrations/new.html.erb within layouts/application
  Rendered devise/shared/_error_messages.html.erb (Duration: 1.5ms | Allocations: 200)
  Rendered devise/shared/_links.html.erb (Duration: 3.1ms | Allocations: 603)
  Rendered devise/registrations/new.html.erb within layouts/application (Duration: 48.8ms | Allocations: 7569)
[Webpacker] Everything's up-to-date. Nothing to do
Completed 200 OK in 93ms (Views: 77.4ms | ActiveRecord: 3.7ms | Allocations: 20509)


Started GET "/users/sign_in" for ::1 at 2021-01-18 16:59:05 -0800
Processing by Devise::SessionsController#new as HTML
  Rendering devise/sessions/new.html.erb within layouts/application
  Rendered devise/shared/_links.html.erb (Duration: 0.7ms | Allocations: 216)
  Rendered devise/sessions/new.html.erb within layouts/application (Duration: 9.9ms | Allocations: 1913)
[Webpacker] Everything's up-to-date. Nothing to do
Completed 200 OK in 31ms (Views: 26.3ms | ActiveRecord: 0.0ms | Allocations: 10595)


Started GET "/users/password/new" for ::1 at 2021-01-18 16:59:09 -0800
Processing by Devise::PasswordsController#new as HTML
  Rendering devise/passwords/new.html.erb within layouts/application
  Rendered devise/shared/_error_messages.html.erb (Duration: 0.1ms | Allocations: 15)
  Rendered devise/shared/_links.html.erb (Duration: 0.4ms | Allocations: 153)
  Rendered devise/passwords/new.html.erb within layouts/application (Duration: 4.3ms | Allocations: 1018)
[Webpacker] Everything's up-to-date. Nothing to do
Completed 200 OK in 32ms (Views: 29.9ms | ActiveRecord: 0.0ms | Allocations: 9142)


Started GET "/users/sign_in" for ::1 at 2021-01-18 16:59:37 -0800
Processing by Devise::SessionsController#new as HTML
  Rendering devise/sessions/new.html.erb within layouts/application
  Rendered devise/shared/_links.html.erb (Duration: 0.6ms | Allocations: 147)
  Rendered devise/sessions/new.html.erb within layouts/application (Duration: 3.4ms | Allocations: 1064)
[Webpacker] Everything's up-to-date. Nothing to do
Completed 200 OK in 47ms (Views: 45.1ms | ActiveRecord: 0.0ms | Allocations: 8637)


Started GET "/users/sign_up" for ::1 at 2021-01-18 16:59:39 -0800
Processing by Devise::RegistrationsController#new as HTML
  Rendering devise/registrations/new.html.erb within layouts/application
  Rendered devise/shared/_error_messages.html.erb (Duration: 0.1ms | Allocations: 15)
  Rendered devise/shared/_links.html.erb (Duration: 0.5ms | Allocations: 88)
  Rendered devise/registrations/new.html.erb within layouts/application (Duration: 3.7ms | Allocations: 1059)
[Webpacker] Everything's up-to-date. Nothing to do
Completed 200 OK in 40ms (Views: 38.3ms | ActiveRecord: 0.0ms | Allocations: 8560)


Started GET "/users/sign_in" for ::1 at 2021-01-18 16:59:40 -0800
Processing by Devise::SessionsController#new as HTML
  Rendering devise/sessions/new.html.erb within layouts/application
  Rendered devise/shared/_links.html.erb (Duration: 0.5ms | Allocations: 147)
  Rendered devise/sessions/new.html.erb within layouts/application (Duration: 4.6ms | Allocations: 1056)
[Webpacker] Everything's up-to-date. Nothing to do
Completed 200 OK in 58ms (Views: 55.6ms | ActiveRecord: 0.0ms | Allocations: 8640)


Started GET "/users/password/new" for ::1 at 2021-01-18 16:59:41 -0800
Processing by Devise::PasswordsController#new as HTML
  Rendering devise/passwords/new.html.erb within layouts/application
  Rendered devise/shared/_error_messages.html.erb (Duration: 0.1ms | Allocations: 15)
  Rendered devise/shared/_links.html.erb (Duration: 0.4ms | Allocations: 144)
  Rendered devise/passwords/new.html.erb within layouts/application (Duration: 2.8ms | Allocations: 717)
[Webpacker] Everything's up-to-date. Nothing to do
Completed 200 OK in 42ms (Views: 39.7ms | ActiveRecord: 0.0ms | Allocations: 8165)


Started POST "/users/password" for ::1 at 2021-01-18 16:59:42 -0800
Processing by Devise::PasswordsController#create as HTML
  Parameters: {"authenticity_token"=>"wTrNlLtoobfmE1nL6JgF/8Tw26dqg/GVDZpPhia3lVccHnEwP7YvEbfYLJFu9zquKhEXUY2eHfv8R0ASwhp+Rg==", "user"=>{"email"=>""}, "commit"=>"Send me reset password instructions"}
  Rendering devise/passwords/new.html.erb within layouts/application
  Rendered devise/shared/_error_messages.html.erb (Duration: 0.7ms | Allocations: 219)
  Rendered devise/shared/_links.html.erb (Duration: 0.3ms | Allocations: 144)
  Rendered devise/passwords/new.html.erb within layouts/application (Duration: 3.4ms | Allocations: 924)
[Webpacker] Everything's up-to-date. Nothing to do
Completed 200 OK in 45ms (Views: 29.1ms | ActiveRecord: 0.0ms | Allocations: 10906)


Started GET "/users/sign_up" for ::1 at 2021-01-18 16:59:50 -0800
Processing by Devise::RegistrationsController#new as HTML
  Rendering devise/registrations/new.html.erb within layouts/application
  Rendered devise/shared/_error_messages.html.erb (Duration: 0.1ms | Allocations: 15)
  Rendered devise/shared/_links.html.erb (Duration: 0.4ms | Allocations: 87)
  Rendered devise/registrations/new.html.erb within layouts/application (Duration: 4.5ms | Allocations: 1050)
[Webpacker] Everything's up-to-date. Nothing to do
Completed 200 OK in 28ms (Views: 26.3ms | ActiveRecord: 0.0ms | Allocations: 8563)


Started GET "/users/sign_in" for ::1 at 2021-01-18 16:59:54 -0800
Processing by Devise::SessionsController#new as HTML
  Rendering devise/sessions/new.html.erb within layouts/application
  Rendered devise/shared/_links.html.erb (Duration: 0.5ms | Allocations: 147)
  Rendered devise/sessions/new.html.erb within layouts/application (Duration: 3.7ms | Allocations: 1055)
[Webpacker] Everything's up-to-date. Nothing to do
Completed 200 OK in 33ms (Views: 31.1ms | ActiveRecord: 0.0ms | Allocations: 8636)


Started GET "/" for ::1 at 2021-01-18 16:59:56 -0800
Processing by HomeController#index as HTML
  Rendering home/index.html.erb within layouts/application
  Rendered home/index.html.erb within layouts/application (Duration: 1.1ms | Allocations: 275)
[Webpacker] Everything's up-to-date. Nothing to do
Completed 200 OK in 25ms (Views: 23.7ms | ActiveRecord: 0.0ms | Allocations: 7572)


Started GET "/apartments" for ::1 at 2021-01-18 16:59:56 -0800
Processing by ApartmentsController#index as */*
  [1m[36mApartment Load (0.3ms)[0m  [1m[34mSELECT "apartments".* FROM "apartments"[0m
  ↳ app/controllers/apartments_controller.rb:4:in `index'
Completed 200 OK in 8ms (Views: 6.0ms | ActiveRecord: 0.3ms | Allocations: 1849)


Started GET "/" for ::1 at 2021-01-18 17:00:03 -0800
Processing by HomeController#index as HTML
  Rendering home/index.html.erb within layouts/application
  Rendered home/index.html.erb within layouts/application (Duration: 0.9ms | Allocations: 267)
[Webpacker] Everything's up-to-date. Nothing to do
Completed 200 OK in 24ms (Views: 22.7ms | ActiveRecord: 0.0ms | Allocations: 7567)


Started GET "/apartments" for ::1 at 2021-01-18 17:00:03 -0800
Processing by ApartmentsController#index as */*
  [1m[36mApartment Load (0.4ms)[0m  [1m[34mSELECT "apartments".* FROM "apartments"[0m
  ↳ app/controllers/apartments_controller.rb:4:in `index'
Completed 200 OK in 5ms (Views: 3.3ms | ActiveRecord: 0.4ms | Allocations: 1809)


Started GET "/apartmentindex" for ::1 at 2021-01-18 17:00:04 -0800
Processing by HomeController#index as HTML
  Parameters: {"path"=>"apartmentindex"}
  Rendering home/index.html.erb within layouts/application
  Rendered home/index.html.erb within layouts/application (Duration: 1.0ms | Allocations: 267)
[Webpacker] Everything's up-to-date. Nothing to do
Completed 200 OK in 29ms (Views: 27.4ms | ActiveRecord: 0.0ms | Allocations: 7585)


Started GET "/apartments" for ::1 at 2021-01-18 17:00:04 -0800
Processing by ApartmentsController#index as */*
  [1m[36mApartment Load (0.4ms)[0m  [1m[34mSELECT "apartments".* FROM "apartments"[0m
  ↳ app/controllers/apartments_controller.rb:4:in `index'
Completed 200 OK in 6ms (Views: 4.1ms | ActiveRecord: 0.4ms | Allocations: 1820)


Started GET "/" for ::1 at 2021-01-25 18:37:45 -0800
  [1m[35m (2.4ms)[0m  [1m[34mSELECT "schema_migrations"."version" FROM "schema_migrations" ORDER BY "schema_migrations"."version" ASC[0m
Processing by HomeController#index as HTML
  Rendering home/index.html.erb within layouts/application
  Rendered home/index.html.erb within layouts/application (Duration: 4.2ms | Allocations: 638)
[Webpacker] Everything's up-to-date. Nothing to do
Completed 200 OK in 77ms (Views: 73.3ms | ActiveRecord: 0.0ms | Allocations: 16996)


Started GET "/apartments" for ::1 at 2021-01-25 18:37:46 -0800
Processing by ApartmentsController#index as */*
  [1m[36mApartment Load (40.2ms)[0m  [1m[34mSELECT "apartments".* FROM "apartments"[0m
  ↳ app/controllers/apartments_controller.rb:4:in `index'
Completed 200 OK in 73ms (Views: 15.2ms | ActiveRecord: 50.2ms | Allocations: 11248)


Started GET "/apartmentindex" for ::1 at 2021-01-25 18:38:03 -0800
Processing by HomeController#index as HTML
  Parameters: {"path"=>"apartmentindex"}
  Rendering home/index.html.erb within layouts/application
  Rendered home/index.html.erb within layouts/application (Duration: 0.5ms | Allocations: 276)
[Webpacker] Everything's up-to-date. Nothing to do
Completed 200 OK in 20ms (Views: 19.4ms | ActiveRecord: 0.0ms | Allocations: 7599)


Started GET "/apartments" for ::1 at 2021-01-25 18:38:03 -0800
Processing by ApartmentsController#index as */*
  [1m[36mApartment Load (0.2ms)[0m  [1m[34mSELECT "apartments".* FROM "apartments"[0m
  ↳ app/controllers/apartments_controller.rb:4:in `index'
Completed 200 OK in 2ms (Views: 1.7ms | ActiveRecord: 0.2ms | Allocations: 1818)


Started GET "/apartmentindex" for ::1 at 2021-01-25 18:38:47 -0800
Processing by HomeController#index as HTML
  Parameters: {"path"=>"apartmentindex"}
  Rendering home/index.html.erb within layouts/application
  Rendered home/index.html.erb within layouts/application (Duration: 0.4ms | Allocations: 268)
[Webpacker] Everything's up-to-date. Nothing to do
Completed 200 OK in 25ms (Views: 24.5ms | ActiveRecord: 0.0ms | Allocations: 7576)


Started GET "/apartments" for ::1 at 2021-01-25 18:38:47 -0800
Processing by ApartmentsController#index as */*
  [1m[36mApartment Load (0.3ms)[0m  [1m[34mSELECT "apartments".* FROM "apartments"[0m
  ↳ app/controllers/apartments_controller.rb:4:in `index'
Completed 200 OK in 2ms (Views: 1.7ms | ActiveRecord: 0.3ms | Allocations: 1813)


Started GET "/" for ::1 at 2021-01-25 18:38:52 -0800
Processing by HomeController#index as HTML
  Rendering home/index.html.erb within layouts/application
  Rendered home/index.html.erb within layouts/application (Duration: 0.7ms | Allocations: 267)
[Webpacker] Everything's up-to-date. Nothing to do
Completed 200 OK in 14ms (Views: 13.6ms | ActiveRecord: 0.0ms | Allocations: 7567)


Started GET "/apartments" for ::1 at 2021-01-25 18:38:52 -0800
Processing by ApartmentsController#index as */*
  [1m[36mApartment Load (0.3ms)[0m  [1m[34mSELECT "apartments".* FROM "apartments"[0m
  ↳ app/controllers/apartments_controller.rb:4:in `index'
Completed 200 OK in 3ms (Views: 2.6ms | ActiveRecord: 0.3ms | Allocations: 1809)


  [1m[36mUser Load (3.7ms)[0m  [1m[34mSELECT "users".* FROM "users" LIMIT $1[0m  [["LIMIT", 11]]
Started GET "/users/sign_in" for ::1 at 2021-01-25 18:48:27 -0800
Processing by Devise::SessionsController#new as HTML
  Rendering devise/sessions/new.html.erb within layouts/application
  Rendered devise/shared/_links.html.erb (Duration: 1.2ms | Allocations: 701)
  Rendered devise/sessions/new.html.erb within layouts/application (Duration: 44.0ms | Allocations: 7680)
[Webpacker] Everything's up-to-date. Nothing to do
Completed 200 OK in 82ms (Views: 62.0ms | ActiveRecord: 4.7ms | Allocations: 21300)


Started POST "/users/sign_in" for ::1 at 2021-01-25 18:48:42 -0800
Processing by Devise::SessionsController#create as HTML
  Parameters: {"authenticity_token"=>"9A5NJm2JLyFTdTiO9cnzC2uWpLaiBSXVvu66qurHYdtyWPK/5XDdryIxqMjOeEWSFSKiZkwwXNSXFfuSviEczA==", "user"=>{"email"=>"x@x.com", "password"=>"[FILTERED]", "remember_me"=>"0"}, "commit"=>"Log in"}
  [1m[36mUser Load (1.9ms)[0m  [1m[34mSELECT "users".* FROM "users" WHERE "users"."email" = $1 ORDER BY "users"."id" ASC LIMIT $2[0m  [["email", "x@x.com"], ["LIMIT", 1]]
Completed 401 Unauthorized in 361ms (ActiveRecord: 2.1ms | Allocations: 3796)


Processing by Devise::SessionsController#new as HTML
  Parameters: {"authenticity_token"=>"9A5NJm2JLyFTdTiO9cnzC2uWpLaiBSXVvu66qurHYdtyWPK/5XDdryIxqMjOeEWSFSKiZkwwXNSXFfuSviEczA==", "user"=>{"email"=>"x@x.com", "password"=>"[FILTERED]", "remember_me"=>"0"}, "commit"=>"Log in"}
  Rendering devise/sessions/new.html.erb within layouts/application
  Rendered devise/shared/_links.html.erb (Duration: 0.2ms | Allocations: 147)
  Rendered devise/sessions/new.html.erb within layouts/application (Duration: 2.5ms | Allocations: 1067)
[Webpacker] Everything's up-to-date. Nothing to do
Completed 200 OK in 239ms (Views: 15.9ms | ActiveRecord: 0.0ms | Allocations: 8668)


Started POST "/users/sign_in" for ::1 at 2021-01-25 18:48:53 -0800
Processing by Devise::SessionsController#create as HTML
  Parameters: {"authenticity_token"=>"z3dQfgSv7Gs8AWvNAE4J+TbDljsR80ZKe7X3txSXfG55PQa+ODXPWOJJSMTdca4JH6TcE4aNKrSmHWSb8iIoTQ==", "user"=>{"email"=>"x@x.com", "password"=>"[FILTERED]", "remember_me"=>"0"}, "commit"=>"Log in"}
  [1m[36mUser Load (0.3ms)[0m  [1m[34mSELECT "users".* FROM "users" WHERE "users"."email" = $1 ORDER BY "users"."id" ASC LIMIT $2[0m  [["email", "x@x.com"], ["LIMIT", 1]]
Completed 401 Unauthorized in 227ms (ActiveRecord: 0.3ms | Allocations: 1835)


Processing by Devise::SessionsController#new as HTML
  Parameters: {"authenticity_token"=>"z3dQfgSv7Gs8AWvNAE4J+TbDljsR80ZKe7X3txSXfG55PQa+ODXPWOJJSMTdca4JH6TcE4aNKrSmHWSb8iIoTQ==", "user"=>{"email"=>"x@x.com", "password"=>"[FILTERED]", "remember_me"=>"0"}, "commit"=>"Log in"}
  Rendering devise/sessions/new.html.erb within layouts/application
  Rendered devise/shared/_links.html.erb (Duration: 0.2ms | Allocations: 147)
  Rendered devise/sessions/new.html.erb within layouts/application (Duration: 1.7ms | Allocations: 1059)
[Webpacker] Everything's up-to-date. Nothing to do
Completed 200 OK in 236ms (Views: 13.8ms | ActiveRecord: 0.0ms | Allocations: 8554)


Started POST "/users/sign_in" for ::1 at 2021-01-25 18:49:09 -0800
Processing by Devise::SessionsController#create as HTML
  Parameters: {"authenticity_token"=>"ID2OaaOoR3GH7bRMG+8sRKHarHbPis7FTmqnTcEicUeWd9ipnzJkQlmll0XG0Iu0iL3mXlj0ojuTwjRhJ5clZA==", "user"=>{"email"=>"x@x.com", "password"=>"[FILTERED]", "remember_me"=>"0"}, "commit"=>"Log in"}
  [1m[36mUser Load (0.2ms)[0m  [1m[34mSELECT "users".* FROM "users" WHERE "users"."email" = $1 ORDER BY "users"."id" ASC LIMIT $2[0m  [["email", "x@x.com"], ["LIMIT", 1]]
Completed 401 Unauthorized in 226ms (ActiveRecord: 0.2ms | Allocations: 1831)


Processing by Devise::SessionsController#new as HTML
  Parameters: {"authenticity_token"=>"ID2OaaOoR3GH7bRMG+8sRKHarHbPis7FTmqnTcEicUeWd9ipnzJkQlmll0XG0Iu0iL3mXlj0ojuTwjRhJ5clZA==", "user"=>{"email"=>"x@x.com", "password"=>"[FILTERED]", "remember_me"=>"0"}, "commit"=>"Log in"}
  Rendering devise/sessions/new.html.erb within layouts/application
  Rendered devise/shared/_links.html.erb (Duration: 0.2ms | Allocations: 147)
  Rendered devise/sessions/new.html.erb within layouts/application (Duration: 1.7ms | Allocations: 1059)
[Webpacker] Everything's up-to-date. Nothing to do
Completed 200 OK in 237ms (Views: 14.4ms | ActiveRecord: 0.0ms | Allocations: 8551)


Started GET "/users/sign_up" for ::1 at 2021-01-25 18:49:30 -0800
Processing by Devise::RegistrationsController#new as HTML
  Rendering devise/registrations/new.html.erb within layouts/application
  Rendered devise/shared/_error_messages.html.erb (Duration: 0.4ms | Allocations: 199)
  Rendered devise/shared/_links.html.erb (Duration: 0.2ms | Allocations: 127)
  Rendered devise/registrations/new.html.erb within layouts/application (Duration: 3.2ms | Allocations: 1803)
[Webpacker] Everything's up-to-date. Nothing to do
Completed 200 OK in 18ms (Views: 17.0ms | ActiveRecord: 0.0ms | Allocations: 10105)


Started POST "/users" for ::1 at 2021-01-25 18:49:45 -0800
Processing by Devise::RegistrationsController#create as HTML
  Parameters: {"authenticity_token"=>"k3nAHE7201EzLHR8QyTys2n8TRqu0X5BxZyZjFjxy1xwDxdJ7gDkq1b5gtD0HVXxYT9vCuMdapS1Z12b8dNazQ==", "user"=>{"email"=>"z@z.com", "password"=>"[FILTERED]", "password_confirmation"=>"[FILTERED]"}, "commit"=>"Sign up"}
  [1m[35m (0.2ms)[0m  [1m[35mBEGIN[0m
  [1m[36mUser Exists? (0.3ms)[0m  [1m[34mSELECT 1 AS one FROM "users" WHERE "users"."email" = $1 LIMIT $2[0m  [["email", "z@z.com"], ["LIMIT", 1]]
  [1m[36mUser Create (36.6ms)[0m  [1m[32mINSERT INTO "users" ("email", "encrypted_password", "created_at", "updated_at") VALUES ($1, $2, $3, $4) RETURNING "id"[0m  [["email", "z@z.com"], ["encrypted_password", "$2a$12$Cp6jaTjsYrv2h0rVfFnysuWBqvhhHqihSaoUlRq2fX/qcLJI0.H.i"], ["created_at", "2021-01-26 02:49:45.753592"], ["updated_at", "2021-01-26 02:49:45.753592"]]
  [1m[35m (1.3ms)[0m  [1m[35mCOMMIT[0m
Redirected to http://localhost:3000/
Completed 302 Found in 285ms (ActiveRecord: 38.4ms | Allocations: 9377)


Started GET "/" for ::1 at 2021-01-25 18:49:45 -0800
Processing by HomeController#index as HTML
  Rendering home/index.html.erb within layouts/application
  [1m[36mUser Load (0.2ms)[0m  [1m[34mSELECT "users".* FROM "users" WHERE "users"."id" = $1 ORDER BY "users"."id" ASC LIMIT $2[0m  [["id", 3], ["LIMIT", 1]]
  ↳ app/views/home/index.html.erb:2
  Rendered home/index.html.erb within layouts/application (Duration: 5.6ms | Allocations: 1198)
[Webpacker] Everything's up-to-date. Nothing to do
Completed 200 OK in 34ms (Views: 32.0ms | ActiveRecord: 0.2ms | Allocations: 8542)


Started GET "/apartments" for ::1 at 2021-01-25 18:49:45 -0800
Processing by ApartmentsController#index as */*
  [1m[36mApartment Load (0.7ms)[0m  [1m[34mSELECT "apartments".* FROM "apartments"[0m
  ↳ app/controllers/apartments_controller.rb:4:in `index'
Completed 200 OK in 6ms (Views: 4.7ms | ActiveRecord: 0.7ms | Allocations: 1849)


Started GET "/myapartmentindex" for ::1 at 2021-01-25 18:49:57 -0800
Processing by HomeController#index as HTML
  Parameters: {"path"=>"myapartmentindex"}
  Rendering home/index.html.erb within layouts/application
  [1m[36mUser Load (0.3ms)[0m  [1m[34mSELECT "users".* FROM "users" WHERE "users"."id" = $1 ORDER BY "users"."id" ASC LIMIT $2[0m  [["id", 3], ["LIMIT", 1]]
  ↳ app/views/home/index.html.erb:2
  Rendered home/index.html.erb within layouts/application (Duration: 3.7ms | Allocations: 1186)
[Webpacker] Everything's up-to-date. Nothing to do
Completed 200 OK in 38ms (Views: 36.8ms | ActiveRecord: 0.3ms | Allocations: 8534)


Started GET "/apartments" for ::1 at 2021-01-25 18:49:57 -0800
Processing by ApartmentsController#index as */*
  [1m[36mApartment Load (0.2ms)[0m  [1m[34mSELECT "apartments".* FROM "apartments"[0m
  ↳ app/controllers/apartments_controller.rb:4:in `index'
Completed 200 OK in 2ms (Views: 1.5ms | ActiveRecord: 0.2ms | Allocations: 1845)


Started GET "/apartmentnew" for ::1 at 2021-01-25 18:49:59 -0800
Processing by HomeController#index as HTML
  Parameters: {"path"=>"apartmentnew"}
  Rendering home/index.html.erb within layouts/application
  [1m[36mUser Load (0.3ms)[0m  [1m[34mSELECT "users".* FROM "users" WHERE "users"."id" = $1 ORDER BY "users"."id" ASC LIMIT $2[0m  [["id", 3], ["LIMIT", 1]]
  ↳ app/views/home/index.html.erb:2
  Rendered home/index.html.erb within layouts/application (Duration: 2.0ms | Allocations: 1186)
[Webpacker] Everything's up-to-date. Nothing to do
Completed 200 OK in 14ms (Views: 12.9ms | ActiveRecord: 0.3ms | Allocations: 8555)


Started GET "/apartments" for ::1 at 2021-01-25 18:49:59 -0800
Processing by ApartmentsController#index as */*
  [1m[36mApartment Load (0.3ms)[0m  [1m[34mSELECT "apartments".* FROM "apartments"[0m
  ↳ app/controllers/apartments_controller.rb:4:in `index'
Completed 200 OK in 3ms (Views: 1.9ms | ActiveRecord: 0.3ms | Allocations: 1847)


Started GET "/apartmentindex" for ::1 at 2021-01-25 18:50:02 -0800
Processing by HomeController#index as HTML
  Parameters: {"path"=>"apartmentindex"}
  Rendering home/index.html.erb within layouts/application
  [1m[36mUser Load (0.5ms)[0m  [1m[34mSELECT "users".* FROM "users" WHERE "users"."id" = $1 ORDER BY "users"."id" ASC LIMIT $2[0m  [["id", 3], ["LIMIT", 1]]
  ↳ app/views/home/index.html.erb:2
  Rendered home/index.html.erb within layouts/application (Duration: 2.9ms | Allocations: 1201)
[Webpacker] Everything's up-to-date. Nothing to do
Completed 200 OK in 16ms (Views: 14.4ms | ActiveRecord: 0.5ms | Allocations: 8545)


Started GET "/apartments" for ::1 at 2021-01-25 18:50:02 -0800
Processing by ApartmentsController#index as */*
  [1m[36mApartment Load (0.2ms)[0m  [1m[34mSELECT "apartments".* FROM "apartments"[0m
  ↳ app/controllers/apartments_controller.rb:4:in `index'
Completed 200 OK in 2ms (Views: 1.6ms | ActiveRecord: 0.2ms | Allocations: 1841)


Started GET "/apartmentnew" for ::1 at 2021-01-25 18:50:04 -0800
Processing by HomeController#index as HTML
  Parameters: {"path"=>"apartmentnew"}
  Rendering home/index.html.erb within layouts/application
  [1m[36mUser Load (0.3ms)[0m  [1m[34mSELECT "users".* FROM "users" WHERE "users"."id" = $1 ORDER BY "users"."id" ASC LIMIT $2[0m  [["id", 3], ["LIMIT", 1]]
  ↳ app/views/home/index.html.erb:2
  Rendered home/index.html.erb within layouts/application (Duration: 2.2ms | Allocations: 1185)
[Webpacker] Everything's up-to-date. Nothing to do
Completed 200 OK in 16ms (Views: 15.1ms | ActiveRecord: 0.3ms | Allocations: 8526)


Started GET "/apartments" for ::1 at 2021-01-25 18:50:05 -0800
Processing by ApartmentsController#index as */*
  [1m[36mApartment Load (0.2ms)[0m  [1m[34mSELECT "apartments".* FROM "apartments"[0m
  ↳ app/controllers/apartments_controller.rb:4:in `index'
Completed 200 OK in 3ms (Views: 2.5ms | ActiveRecord: 0.2ms | Allocations: 1831)


Started GET "/apartmentnew" for ::1 at 2021-01-25 18:50:35 -0800
Processing by HomeController#index as HTML
  Parameters: {"path"=>"apartmentnew"}
  Rendering home/index.html.erb within layouts/application
  [1m[36mUser Load (0.2ms)[0m  [1m[34mSELECT "users".* FROM "users" WHERE "users"."id" = $1 ORDER BY "users"."id" ASC LIMIT $2[0m  [["id", 3], ["LIMIT", 1]]
  ↳ app/views/home/index.html.erb:2
  Rendered home/index.html.erb within layouts/application (Duration: 1.9ms | Allocations: 1185)
[Webpacker] Everything's up-to-date. Nothing to do
Completed 200 OK in 14ms (Views: 13.3ms | ActiveRecord: 0.2ms | Allocations: 8544)


Started GET "/apartments" for ::1 at 2021-01-25 18:50:35 -0800
Processing by ApartmentsController#index as */*
  [1m[36mApartment Load (0.2ms)[0m  [1m[34mSELECT "apartments".* FROM "apartments"[0m
  ↳ app/controllers/apartments_controller.rb:4:in `index'
Completed 200 OK in 3ms (Views: 2.4ms | ActiveRecord: 0.2ms | Allocations: 1861)


Started GET "/myapartmentindex" for ::1 at 2021-01-25 18:50:37 -0800
Processing by HomeController#index as HTML
  Parameters: {"path"=>"myapartmentindex"}
  Rendering home/index.html.erb within layouts/application
  [1m[36mUser Load (0.2ms)[0m  [1m[34mSELECT "users".* FROM "users" WHERE "users"."id" = $1 ORDER BY "users"."id" ASC LIMIT $2[0m  [["id", 3], ["LIMIT", 1]]
  ↳ app/views/home/index.html.erb:2
  Rendered home/index.html.erb within layouts/application (Duration: 2.1ms | Allocations: 1185)
[Webpacker] Everything's up-to-date. Nothing to do
Completed 200 OK in 15ms (Views: 14.4ms | ActiveRecord: 0.2ms | Allocations: 8523)


Started GET "/apartments" for ::1 at 2021-01-25 18:50:37 -0800
Processing by ApartmentsController#index as */*
  [1m[36mApartment Load (0.3ms)[0m  [1m[34mSELECT "apartments".* FROM "apartments"[0m
  ↳ app/controllers/apartments_controller.rb:4:in `index'
Completed 200 OK in 3ms (Views: 2.5ms | ActiveRecord: 0.3ms | Allocations: 1853)


Started GET "/apartmentindex" for ::1 at 2021-01-25 18:50:39 -0800
Processing by HomeController#index as HTML
  Parameters: {"path"=>"apartmentindex"}
  Rendering home/index.html.erb within layouts/application
  [1m[36mUser Load (0.2ms)[0m  [1m[34mSELECT "users".* FROM "users" WHERE "users"."id" = $1 ORDER BY "users"."id" ASC LIMIT $2[0m  [["id", 3], ["LIMIT", 1]]
  ↳ app/views/home/index.html.erb:2
  Rendered home/index.html.erb within layouts/application (Duration: 2.0ms | Allocations: 1185)
[Webpacker] Everything's up-to-date. Nothing to do
Completed 200 OK in 15ms (Views: 14.0ms | ActiveRecord: 0.2ms | Allocations: 8543)


Started GET "/apartments" for ::1 at 2021-01-25 18:50:39 -0800
Processing by ApartmentsController#index as */*
  [1m[36mApartment Load (0.2ms)[0m  [1m[34mSELECT "apartments".* FROM "apartments"[0m
  ↳ app/controllers/apartments_controller.rb:4:in `index'
Completed 200 OK in 2ms (Views: 1.7ms | ActiveRecord: 0.2ms | Allocations: 1841)


Started GET "/" for ::1 at 2021-01-25 18:50:42 -0800
Processing by HomeController#index as HTML
  Rendering home/index.html.erb within layouts/application
  [1m[36mUser Load (0.1ms)[0m  [1m[34mSELECT "users".* FROM "users" WHERE "users"."id" = $1 ORDER BY "users"."id" ASC LIMIT $2[0m  [["id", 3], ["LIMIT", 1]]
  ↳ app/views/home/index.html.erb:2
  Rendered home/index.html.erb within layouts/application (Duration: 1.8ms | Allocations: 1183)
[Webpacker] Everything's up-to-date. Nothing to do
Completed 200 OK in 14ms (Views: 13.6ms | ActiveRecord: 0.1ms | Allocations: 8512)


Started GET "/apartments" for ::1 at 2021-01-25 18:50:42 -0800
Processing by ApartmentsController#index as */*
  [1m[36mApartment Load (0.2ms)[0m  [1m[34mSELECT "apartments".* FROM "apartments"[0m
  ↳ app/controllers/apartments_controller.rb:4:in `index'
Completed 200 OK in 3ms (Views: 1.8ms | ActiveRecord: 0.2ms | Allocations: 1835)


Started GET "/apartmentindex" for ::1 at 2021-01-25 19:01:49 -0800
Processing by HomeController#index as HTML
  Parameters: {"path"=>"apartmentindex"}
  Rendering home/index.html.erb within layouts/application
  [1m[36mUser Load (0.5ms)[0m  [1m[34mSELECT "users".* FROM "users" WHERE "users"."id" = $1 ORDER BY "users"."id" ASC LIMIT $2[0m  [["id", 3], ["LIMIT", 1]]
  ↳ app/views/home/index.html.erb:2
  Rendered home/index.html.erb within layouts/application (Duration: 8.7ms | Allocations: 5432)
[Webpacker] Everything's up-to-date. Nothing to do
Completed 200 OK in 37ms (Views: 36.0ms | ActiveRecord: 0.7ms | Allocations: 13033)


Started GET "/apartments" for ::1 at 2021-01-25 19:01:49 -0800
Processing by ApartmentsController#index as */*
  [1m[36mApartment Load (0.5ms)[0m  [1m[34mSELECT "apartments".* FROM "apartments"[0m
  ↳ app/controllers/apartments_controller.rb:4:in `index'
Completed 200 OK in 13ms (Views: 10.5ms | ActiveRecord: 0.5ms | Allocations: 8692)


Started GET "/" for ::1 at 2021-01-27 12:07:48 -0800
  [1m[35m (6.2ms)[0m  [1m[34mSELECT "schema_migrations"."version" FROM "schema_migrations" ORDER BY "schema_migrations"."version" ASC[0m
Processing by HomeController#index as HTML
  Rendering home/index.html.erb within layouts/application
  [1m[36mUser Load (0.6ms)[0m  [1m[34mSELECT "users".* FROM "users" WHERE "users"."id" = $1 ORDER BY "users"."id" ASC LIMIT $2[0m  [["id", 3], ["LIMIT", 1]]
  ↳ app/views/home/index.html.erb:2
  Rendered home/index.html.erb within layouts/application (Duration: 40.3ms | Allocations: 6560)
[Webpacker] Everything's up-to-date. Nothing to do
Completed 200 OK in 121ms (Views: 90.1ms | ActiveRecord: 27.1ms | Allocations: 22578)


Started GET "/apartments" for ::1 at 2021-01-27 12:07:48 -0800
Processing by ApartmentsController#index as */*
  [1m[36mApartment Load (1.5ms)[0m  [1m[34mSELECT "apartments".* FROM "apartments"[0m
  ↳ app/controllers/apartments_controller.rb:4:in `index'
Completed 200 OK in 30ms (Views: 21.4ms | ActiveRecord: 5.0ms | Allocations: 10318)


Started GET "/apartmentindex" for ::1 at 2021-01-27 12:08:08 -0800
Processing by HomeController#index as HTML
  Parameters: {"path"=>"apartmentindex"}
  Rendering home/index.html.erb within layouts/application
  [1m[36mUser Load (0.2ms)[0m  [1m[34mSELECT "users".* FROM "users" WHERE "users"."id" = $1 ORDER BY "users"."id" ASC LIMIT $2[0m  [["id", 3], ["LIMIT", 1]]
  ↳ app/views/home/index.html.erb:2
  Rendered home/index.html.erb within layouts/application (Duration: 1.9ms | Allocations: 1210)
[Webpacker] Everything's up-to-date. Nothing to do
Completed 200 OK in 16ms (Views: 14.9ms | ActiveRecord: 0.2ms | Allocations: 8652)


Started GET "/apartments" for ::1 at 2021-01-27 12:08:08 -0800
Processing by ApartmentsController#index as */*
  [1m[36mApartment Load (0.3ms)[0m  [1m[34mSELECT "apartments".* FROM "apartments"[0m
  ↳ app/controllers/apartments_controller.rb:4:in `index'
Completed 200 OK in 2ms (Views: 1.7ms | ActiveRecord: 0.3ms | Allocations: 1837)


Started GET "/apartmentnew" for ::1 at 2021-01-27 12:08:11 -0800
Processing by HomeController#index as HTML
  Parameters: {"path"=>"apartmentnew"}
  Rendering home/index.html.erb within layouts/application
  [1m[36mUser Load (0.3ms)[0m  [1m[34mSELECT "users".* FROM "users" WHERE "users"."id" = $1 ORDER BY "users"."id" ASC LIMIT $2[0m  [["id", 3], ["LIMIT", 1]]
  ↳ app/views/home/index.html.erb:2
  Rendered home/index.html.erb within layouts/application (Duration: 2.0ms | Allocations: 1185)
[Webpacker] Everything's up-to-date. Nothing to do
Completed 200 OK in 14ms (Views: 13.6ms | ActiveRecord: 0.3ms | Allocations: 8544)


Started GET "/apartments" for ::1 at 2021-01-27 12:08:11 -0800
Processing by ApartmentsController#index as */*
  [1m[36mApartment Load (0.2ms)[0m  [1m[34mSELECT "apartments".* FROM "apartments"[0m
  ↳ app/controllers/apartments_controller.rb:4:in `index'
Completed 200 OK in 2ms (Views: 1.6ms | ActiveRecord: 0.2ms | Allocations: 1847)


Started GET "/myapartmentindex" for ::1 at 2021-01-27 12:08:17 -0800
Processing by HomeController#index as HTML
  Parameters: {"path"=>"myapartmentindex"}
  Rendering home/index.html.erb within layouts/application
  [1m[36mUser Load (0.3ms)[0m  [1m[34mSELECT "users".* FROM "users" WHERE "users"."id" = $1 ORDER BY "users"."id" ASC LIMIT $2[0m  [["id", 3], ["LIMIT", 1]]
  ↳ app/views/home/index.html.erb:2
  Rendered home/index.html.erb within layouts/application (Duration: 2.2ms | Allocations: 1186)
[Webpacker] Everything's up-to-date. Nothing to do
Completed 200 OK in 15ms (Views: 14.2ms | ActiveRecord: 0.3ms | Allocations: 8540)


Started GET "/apartments" for ::1 at 2021-01-27 12:08:17 -0800
Processing by ApartmentsController#index as */*
  [1m[36mApartment Load (0.2ms)[0m  [1m[34mSELECT "apartments".* FROM "apartments"[0m
  ↳ app/controllers/apartments_controller.rb:4:in `index'
Completed 200 OK in 2ms (Views: 1.8ms | ActiveRecord: 0.2ms | Allocations: 1823)


Started GET "/apartmentindex" for ::1 at 2021-01-27 12:08:19 -0800
Processing by HomeController#index as HTML
  Parameters: {"path"=>"apartmentindex"}
  Rendering home/index.html.erb within layouts/application
  [1m[36mUser Load (0.2ms)[0m  [1m[34mSELECT "users".* FROM "users" WHERE "users"."id" = $1 ORDER BY "users"."id" ASC LIMIT $2[0m  [["id", 3], ["LIMIT", 1]]
  ↳ app/views/home/index.html.erb:2
  Rendered home/index.html.erb within layouts/application (Duration: 2.3ms | Allocations: 1201)
[Webpacker] Everything's up-to-date. Nothing to do
Completed 200 OK in 17ms (Views: 16.3ms | ActiveRecord: 0.2ms | Allocations: 8645)


Started GET "/apartments" for ::1 at 2021-01-27 12:08:19 -0800
Processing by ApartmentsController#index as */*
  [1m[36mApartment Load (0.2ms)[0m  [1m[34mSELECT "apartments".* FROM "apartments"[0m
  ↳ app/controllers/apartments_controller.rb:4:in `index'
Completed 200 OK in 3ms (Views: 1.9ms | ActiveRecord: 0.2ms | Allocations: 1853)


Started GET "/apartmentnew" for ::1 at 2021-01-27 12:09:38 -0800
Processing by HomeController#index as HTML
  Parameters: {"path"=>"apartmentnew"}
  Rendering home/index.html.erb within layouts/application
  [1m[36mUser Load (0.2ms)[0m  [1m[34mSELECT "users".* FROM "users" WHERE "users"."id" = $1 ORDER BY "users"."id" ASC LIMIT $2[0m  [["id", 3], ["LIMIT", 1]]
  ↳ app/views/home/index.html.erb:2
  Rendered home/index.html.erb within layouts/application (Duration: 2.0ms | Allocations: 1185)
[Webpacker] Everything's up-to-date. Nothing to do
Completed 200 OK in 22ms (Views: 21.0ms | ActiveRecord: 0.2ms | Allocations: 8633)


Started GET "/apartments" for ::1 at 2021-01-27 12:09:38 -0800
Processing by ApartmentsController#index as */*
  [1m[36mApartment Load (0.3ms)[0m  [1m[34mSELECT "apartments".* FROM "apartments"[0m
  ↳ app/controllers/apartments_controller.rb:4:in `index'
Completed 200 OK in 3ms (Views: 2.2ms | ActiveRecord: 0.3ms | Allocations: 1829)


Started GET "/myapartmentindex" for ::1 at 2021-01-27 12:09:44 -0800
Processing by HomeController#index as HTML
  Parameters: {"path"=>"myapartmentindex"}
  Rendering home/index.html.erb within layouts/application
  [1m[36mUser Load (0.3ms)[0m  [1m[34mSELECT "users".* FROM "users" WHERE "users"."id" = $1 ORDER BY "users"."id" ASC LIMIT $2[0m  [["id", 3], ["LIMIT", 1]]
  ↳ app/views/home/index.html.erb:2
  Rendered home/index.html.erb within layouts/application (Duration: 2.0ms | Allocations: 1185)
[Webpacker] Everything's up-to-date. Nothing to do
Completed 200 OK in 16ms (Views: 15.1ms | ActiveRecord: 0.3ms | Allocations: 8632)


Started GET "/apartments" for ::1 at 2021-01-27 12:09:44 -0800
Processing by ApartmentsController#index as */*
  [1m[36mApartment Load (0.2ms)[0m  [1m[34mSELECT "apartments".* FROM "apartments"[0m
  ↳ app/controllers/apartments_controller.rb:4:in `index'
Completed 200 OK in 2ms (Views: 1.7ms | ActiveRecord: 0.2ms | Allocations: 1843)


Started GET "/apartmentindex" for ::1 at 2021-01-27 12:09:48 -0800
Processing by HomeController#index as HTML
  Parameters: {"path"=>"apartmentindex"}
  Rendering home/index.html.erb within layouts/application
  [1m[36mUser Load (0.2ms)[0m  [1m[34mSELECT "users".* FROM "users" WHERE "users"."id" = $1 ORDER BY "users"."id" ASC LIMIT $2[0m  [["id", 3], ["LIMIT", 1]]
  ↳ app/views/home/index.html.erb:2
  Rendered home/index.html.erb within layouts/application (Duration: 1.9ms | Allocations: 1185)
[Webpacker] Everything's up-to-date. Nothing to do
Completed 200 OK in 14ms (Views: 13.5ms | ActiveRecord: 0.2ms | Allocations: 8536)


Started GET "/apartments" for ::1 at 2021-01-27 12:09:48 -0800
Processing by ApartmentsController#index as */*
  [1m[36mApartment Load (0.2ms)[0m  [1m[34mSELECT "apartments".* FROM "apartments"[0m
  ↳ app/controllers/apartments_controller.rb:4:in `index'
Completed 200 OK in 2ms (Views: 1.7ms | ActiveRecord: 0.2ms | Allocations: 1831)


Started GET "/" for ::1 at 2021-01-27 12:36:12 -0800
  [1m[35m (0.5ms)[0m  [1m[34mSELECT "schema_migrations"."version" FROM "schema_migrations" ORDER BY "schema_migrations"."version" ASC[0m
Processing by HomeController#index as HTML
  Rendering home/index.html.erb within layouts/application
  Rendered home/index.html.erb within layouts/application (Duration: 3.6ms | Allocations: 524)
[Webpacker] Everything's up-to-date. Nothing to do
Completed 200 OK in 104ms (Views: 98.7ms | ActiveRecord: 0.0ms | Allocations: 19037)


Started GET "/apartments" for ::1 at 2021-01-27 12:36:12 -0800
Processing by ApartmentsController#index as */*
  [1m[36mApartment Load (0.6ms)[0m  [1m[34mSELECT "apartments".* FROM "apartments"[0m
  ↳ app/controllers/apartments_controller.rb:4:in `index'
Completed 200 OK in 29ms (Views: 20.7ms | ActiveRecord: 4.8ms | Allocations: 9966)


Started GET "/apartmentindex" for ::1 at 2021-01-27 12:36:19 -0800
Processing by HomeController#index as HTML
  Parameters: {"path"=>"apartmentindex"}
  Rendering home/index.html.erb within layouts/application
  Rendered home/index.html.erb within layouts/application (Duration: 0.4ms | Allocations: 276)
[Webpacker] Everything's up-to-date. Nothing to do
Completed 200 OK in 18ms (Views: 18.0ms | ActiveRecord: 0.0ms | Allocations: 7574)


Started GET "/apartments" for ::1 at 2021-01-27 12:36:19 -0800
Processing by ApartmentsController#index as */*
  [1m[36mApartment Load (0.3ms)[0m  [1m[34mSELECT "apartments".* FROM "apartments"[0m
  ↳ app/controllers/apartments_controller.rb:4:in `index'
Completed 200 OK in 3ms (Views: 1.9ms | ActiveRecord: 0.3ms | Allocations: 1832)


Started GET "/apartmentindex" for ::1 at 2021-01-27 12:36:20 -0800
Processing by HomeController#index as HTML
  Parameters: {"path"=>"apartmentindex"}
  Rendering home/index.html.erb within layouts/application
  Rendered home/index.html.erb within layouts/application (Duration: 0.4ms | Allocations: 268)
[Webpacker] Everything's up-to-date. Nothing to do
Completed 200 OK in 15ms (Views: 14.0ms | ActiveRecord: 0.0ms | Allocations: 7569)


Started GET "/apartments" for ::1 at 2021-01-27 12:36:21 -0800
Processing by ApartmentsController#index as */*
  [1m[36mApartment Load (0.3ms)[0m  [1m[34mSELECT "apartments".* FROM "apartments"[0m
  ↳ app/controllers/apartments_controller.rb:4:in `index'
Completed 200 OK in 4ms (Views: 3.1ms | ActiveRecord: 0.3ms | Allocations: 1838)


Started GET "/" for ::1 at 2021-01-27 12:36:21 -0800
Processing by HomeController#index as HTML
  Rendering home/index.html.erb within layouts/application
  Rendered home/index.html.erb within layouts/application (Duration: 0.4ms | Allocations: 268)
[Webpacker] Everything's up-to-date. Nothing to do
Completed 200 OK in 14ms (Views: 13.6ms | ActiveRecord: 0.0ms | Allocations: 7557)


Started GET "/apartments" for ::1 at 2021-01-27 12:36:22 -0800
Processing by ApartmentsController#index as */*
  [1m[36mApartment Load (0.3ms)[0m  [1m[34mSELECT "apartments".* FROM "apartments"[0m
  ↳ app/controllers/apartments_controller.rb:4:in `index'
Completed 200 OK in 3ms (Views: 2.1ms | ActiveRecord: 0.3ms | Allocations: 1820)


Started GET "/" for ::1 at 2021-01-27 13:03:12 -0800
Processing by HomeController#index as HTML
  Rendering home/index.html.erb within layouts/application
  Rendered home/index.html.erb within layouts/application (Duration: 0.5ms | Allocations: 268)
[Webpacker] Everything's up-to-date. Nothing to do
Completed 200 OK in 28ms (Views: 27.2ms | ActiveRecord: 0.0ms | Allocations: 7655)


Started GET "/apartments" for ::1 at 2021-01-27 13:03:13 -0800
Processing by ApartmentsController#index as */*
  [1m[36mApartment Load (1.1ms)[0m  [1m[34mSELECT "apartments".* FROM "apartments"[0m
  ↳ app/controllers/apartments_controller.rb:4:in `index'
Completed 200 OK in 4ms (Views: 2.3ms | ActiveRecord: 1.1ms | Allocations: 1920)


Started GET "/" for ::1 at 2021-01-27 13:08:36 -0800
  [1m[35m (0.5ms)[0m  [1m[34mSELECT "schema_migrations"."version" FROM "schema_migrations" ORDER BY "schema_migrations"."version" ASC[0m
Processing by HomeController#index as HTML
  Rendering home/index.html.erb within layouts/application
  Rendered home/index.html.erb within layouts/application (Duration: 3.1ms | Allocations: 524)
[Webpacker] Everything's up-to-date. Nothing to do
Completed 200 OK in 78ms (Views: 73.6ms | ActiveRecord: 0.0ms | Allocations: 16497)


Started GET "/apartments" for ::1 at 2021-01-27 13:08:36 -0800
Processing by ApartmentsController#index as */*
  [1m[36mApartment Load (1.2ms)[0m  [1m[34mSELECT "apartments".* FROM "apartments"[0m
  ↳ app/controllers/apartments_controller.rb:4:in `index'
Completed 200 OK in 21ms (Views: 12.6ms | ActiveRecord: 4.6ms | Allocations: 9975)


Started GET "/apartmentindex" for ::1 at 2021-01-27 13:08:40 -0800
Processing by HomeController#index as HTML
  Parameters: {"path"=>"apartmentindex"}
  Rendering home/index.html.erb within layouts/application
  Rendered home/index.html.erb within layouts/application (Duration: 0.4ms | Allocations: 276)
[Webpacker] Everything's up-to-date. Nothing to do
Completed 200 OK in 14ms (Views: 13.0ms | ActiveRecord: 0.0ms | Allocations: 7676)


Started GET "/apartments" for ::1 at 2021-01-27 13:08:40 -0800
Processing by ApartmentsController#index as */*
  [1m[36mApartment Load (0.2ms)[0m  [1m[34mSELECT "apartments".* FROM "apartments"[0m
  ↳ app/controllers/apartments_controller.rb:4:in `index'
Completed 200 OK in 2ms (Views: 1.8ms | ActiveRecord: 0.2ms | Allocations: 1830)


Started GET "/" for ::1 at 2021-01-27 13:08:41 -0800
Processing by HomeController#index as HTML
  Rendering home/index.html.erb within layouts/application
  Rendered home/index.html.erb within layouts/application (Duration: 0.6ms | Allocations: 268)
[Webpacker] Everything's up-to-date. Nothing to do
Completed 200 OK in 15ms (Views: 14.2ms | ActiveRecord: 0.0ms | Allocations: 7547)


Started GET "/apartments" for ::1 at 2021-01-27 13:08:41 -0800
Processing by ApartmentsController#index as */*
  [1m[36mApartment Load (0.3ms)[0m  [1m[34mSELECT "apartments".* FROM "apartments"[0m
  ↳ app/controllers/apartments_controller.rb:4:in `index'
Completed 200 OK in 3ms (Views: 1.8ms | ActiveRecord: 0.3ms | Allocations: 1818)


